LAB1_2                                                                                                        PAGE 1

                       1    
                       2    ; CSEG - –≤–Ω–µ—à–Ω—è—è –ø–∞–º—è—Ç—å –ø—Ä–æ–≥—Ä–∞–º–º—ã (–¥–ª—è –∫–æ–Ω—Å—Ç–∞–Ω—Ç/–∫–æ–¥–∞) (
                                                                               (MOVC))
                       3    ; DSEG - —Ä–µ–∑–∏–¥–µ–Ω—Ç–Ω–∞—è –ø–∞–º—è—Ç—å –¥–∞–Ω–Ω—ã—Ö (–¥–ª—è –ø–µ—Ä–µ–º–µ–Ω–Ω—ã—Ö) ((MO
                                                                               V))
                       4    ; –ü–µ—Ä–µ—Å—ã–ª–∫–∞ –º–∞—Å—Å–∏–≤–∞ –∫–æ–Ω—Å—Ç–∞–Ω—Ç (8 —á–∏—Å–µ–ª) –∏–∑ CSEG –≤ DSEG –ø–æ –
                                                                               ∞–¥—Ä–µ—Å–∞–º 20h-27h
                       5    
                       6    $mod52
                       7    
0000                   8            ORG 0h ; –ù–∞—á–∞–ª—å–Ω—ã–π –∞–¥—Ä–µ—Å –ø—Ä–æ–≥—Ä–∞–º–º—ã (–µ—Å–ª–∏ –Ω–µ—Ç –ø—Ä–µ—Ä—
                                                                               ã–≤–∞–Ω–∏–π)
0000                   9    START:
0000 900020           10        MOV         DPTR, #init ; #init = 20h
0003 7808             11            MOV     R0, #8 ; R0 - —Ä–µ–≥–∏—Å—Ç—Ä –≤ –∫–æ—Ç–æ—Ä–æ–º –∑–∞–ø–∏—Å–∞–Ω —Ä–∞–∑–º–µ—Ä –
                                                                               º–∞—Å—Å–∏–≤–∞
0005 7920             12            MOV     R1, #20h ; R1 - —Ä–µ–≥–∏—Å—Ç—Ä –≤ –∫–æ—Ç–æ—Ä–æ–º –∑–∞–ø–∏—Å–∞–Ω –Ω–∞—á–∞–ª—å
                                                                               –Ω—ã–π –∞–¥—Ä–µ—Å –º–∞—Å—Å–∏–≤–∞
0007                  13    LOOP:
0007 7400             14            MOV     A, #0 ; –ø–æ–º–µ—Å—Ç–∏—Ç—å 0 –≤ –∞–∫–∫—É–º—É–ª—è—Ç–æ—Ä
0009 93               15            MOVC    A, @A+DPTR ; –≤ –∞–∫–∫—É–º—É–ª—è—Ç–æ—Ä - –µ–≥–æ –∞–¥—Ä–µ—Å —Å–æ —Å–º–µ—â–µ–Ω
                                                                               –∏–µ–º DPTR
000A F7               16            MOV     @R1, A ; –≤ –∞–¥—Ä–µ—Å–Ω–æ–µ –ø—Ä–æ—Å—Ç—Ä–∞–Ω—Å—Ç–≤–æ R1 –∑–∞–ø–∏—Å–∞—Ç—å –∑
                                                                               –Ω–∞—á–µ–Ω–∏–µ –∞–∫–∫—É–º—É–ª—è—Ç–æ—Ä
000B A3               17            INC     DPTR ; –∏–Ω–∫—Ä–µ–º–µ–Ω—Ç—ã –î–ü–¢–† –∏ –†1
000C 09               18            INC     R1
000D D8F8             19            DJNZ    R0,LOOP ; –¥–µ–∫—Ä–µ–º–µ–Ω—Ç –∏ –ø–µ—Ä–µ—Ö–æ–¥, –µ—Å–ª–∏ –Ω–µ —Ä–∞–≤–Ω–æ –Ω—
                                                                               É–ª—é (Decrement Jump Not Zero)
000F 80EF             20            JMP     START ; –ø–µ—Ä–µ—Ö–æ–¥ –≤ —Å—Ç–∞—Ä—Ç –∫–∞–∫ —Ç–æ–ª—å–∫–æ —Ü–∏–∫–ª –∑–∞–≤–µ—Ä
                                                                               —à–∏—Ç—Å—è
                      21    
0020                  22            ORG 20h ; –ù–∞—á–∞–ª—å–Ω—ã–π –∞–¥—Ä–µ—Å –æ–±—ä–µ–∫—Ç–Ω–æ–≥–æ –∫–æ–¥–∞ (–≤ –¥–∞–Ω–Ω–æ
                                                                               –º —Å–ª—É—á–∞–µ –¥–∞–Ω–Ω—ã–µ)
0020                  23    init:
0020 01020304         24            DB 1d,2d,3d,4d,5d,6d,7d,8d
0024 05060708   
                      25            END

VERSION 1.2h ASSEMBLY COMPLETE, 0 ERRORS FOUND
LAB1_2                                                                                                        PAGE 2

INIT . . . . . . . . . . . . . .  C ADDR  0020H  
LOOP . . . . . . . . . . . . . .  C ADDR  0007H  
START. . . . . . . . . . . . . .  C ADDR  0000H  
