LAB4_1                                                                                                        PAGE 1

                       1    $mod52
                       2    
0000                   3    ORG 0h ; –ù–∞—á–∞–ª—å–Ω—ã–π –∞–¥—Ä–µ—Å –ø—Ä–æ–≥—Ä–∞–º–º—ã (–µ—Å–ª–∏ –Ω–µ—Ç –ø—Ä–µ—Ä—ã–≤–∞–Ω–
                                                                               ∏–π)
0000 02000E            4        JMP INIT
                       5    
0003                   6    ORG     0003h
0003 02002A            7            JMP INT0_HANDLE
                       8    
000B                   9    ORG     000Bh
000B 02002E           10            JMP TF0_HANDLE
                      11    
000E                  12    INIT:
000E 759000           13        MOV P1, #0
0011 75A883           14        MOV IE, #10000011b; T/C0 –ø–æ TF0 (–ø–µ—Ä–µ–ø–æ–ª–Ω–µ–Ω–∏–µ) + INT0
0014 758A00           15        MOV TL0, #0h            ; –æ–±–Ω—É–ª—è–µ–º —Å—á–µ—Ç—á–∏–∫
0017 758CFF           16            MOV TH0, #0FFh          ; —Ç–æ, —á—Ç–æ –±—É–¥–µ—Ç –∑–∞–≥—Ä—É–∂–∞—Ç—å—Å—è –≤ TL0 –ø—Ä
                                                                               –∏ –ø–µ—Ä–µ–∑–∞–ø–æ–ª–Ω–µ–Ω–∏–∏
001A 758901           17        MOV TMOD, #00000001b
001D 758812           18            MOV TCON, #00010010b    ; —Ä–∞–±–æ—Ç–∞ —Ç–∞–π–º–µ—Ä–∞ + –ø–æ —Å—Ä–µ–∑—É —Å–º–æ—Ç—Ä–∏
                                                                               –º INT0
                      19                                ; –µ—Å–ª–∏ 00010000b? —Ç–æ –∫–æ–≥–¥–∞ INT0 = 0, –æ–±—Ä–∞–±–∞—Ç—ã
                                                                               –≤–∞–µ–º –ø—Ä–µ—Ä—ã–≤–∞–Ω–∏–µ –ø–æ–∫–∞ —ç
                                                                               —Ç–æ —Ç–∞–∫
                      20    
                      21        ; –∑–∞–ø–∏—Å—ã–≤–∞–µ–º –≤ –ø–æ—Ä—Ç –∑–Ω–∞—á–µ–Ω–∏—è –µ–¥–∏–Ω–∏—Ü—ã –≤ –∫—Ä–∞–π–Ω–µ–º –ª–
                                                                               µ–≤–æ–º –ø–æ–ª–æ–∂–µ–Ω–∏–∏
0020 759001           22        MOV P1, #1h
0023 751801           23        MOV 18h, #1h
0026 7405             24        MOV A, #5 
                      25    
0028                  26    LOOP:
0028 80FE             27        JMP LOOP
                      28    
002A                  29    INT0_HANDLE:
002A 759055           30        MOV P1, #055h
002D 32               31        RETI
                      32    
002E                  33    TF0_HANDLE:
002E C0E0             34        PUSH ACC                ; —Å–æ—Ö—Ä–∞–Ω—è–µ–º –∑–Ω–∞—á–µ–Ω–∏–µ –∞–∫–∫—É–º—É–ª—è—Ç–æ—Ä–∞
0030 C28C             35        CLR TR0                 ; –æ—Å—Ç–∞–Ω–æ–≤–∫–∞ —Ç–∞–π–º–µ—Ä–∞
                      36        
                      37        ; —Å–¥–≤–∏–≥ –≤–ø—Ä–∞–≤–æ
0032 E518             38        MOV A, 18h 
0034 23               39        RL A 
0035 F518             40        MOV 18h, A 
0037 F590             41        MOV P1, A
                      42    
0039 758A00           43        mov TL0, #0h            ; –æ–±–Ω—É–ª—è–µ–º —Å—á–µ—Ç—á–∏–∫
003C 758CFF           44        mov TH0, #0FFh          ; —Ç–æ, —á—Ç–æ –±—É–¥–µ—Ç –∑–∞–≥—Ä—É–∂–∞—Ç—å—Å—è –≤ TL0 –ø—Ä–∏ –
                                                                               ø–µ—Ä–µ–∑–∞–ø–æ–ª–Ω–µ–Ω–∏–∏
003F D28C             45        SETB TR0                ; –≤–æ—Å—Å—Ç–∞–Ω–∞–≤–ª–∏–≤–∞–µ–º —Ä–∞–±–æ—Ç—É —Ç–∞–π–º–µ—Ä–∞
0041 D0E0             46        POP ACC                 ; –≤–æ—Å—Å—Ç–∞–Ω–∞–≤–ª–∏–≤–∞–µ–º –∑–Ω–∞—á–µ–Ω–∏–µ –∞–∫–∫—É–º—É–ª
                                                                               —è—Ç–æ—Ä–∞ –¥–æ –æ–±—Ä–∞–±–æ—Ç–∫–∏ –ø—Ä–µ
                                                                               —Ä—ã–≤–∞–Ω–∏—è
0043 32               47        RETI
                      48    
                      49    END

VERSION 1.2h ASSEMBLY COMPLETE, 0 ERRORS FOUND
LAB4_1                                                                                                        PAGE 2

ACC. . . . . . . . . . . . . . .  D ADDR  00E0H  PREDEFINED  
IE . . . . . . . . . . . . . . .  D ADDR  00A8H  PREDEFINED  
INIT . . . . . . . . . . . . . .  C ADDR  000EH  
INT0_HANDLE. . . . . . . . . . .  C ADDR  002AH  
LOOP . . . . . . . . . . . . . .  C ADDR  0028H  
P1 . . . . . . . . . . . . . . .  D ADDR  0090H  PREDEFINED  
TCON . . . . . . . . . . . . . .  D ADDR  0088H  PREDEFINED  
TF0_HANDLE . . . . . . . . . . .  C ADDR  002EH  
TH0. . . . . . . . . . . . . . .  D ADDR  008CH  PREDEFINED  
TL0. . . . . . . . . . . . . . .  D ADDR  008AH  PREDEFINED  
TMOD . . . . . . . . . . . . . .  D ADDR  0089H  PREDEFINED  
TR0. . . . . . . . . . . . . . .  B ADDR  008CH  PREDEFINED  
