LAB2_1                                                                                                        PAGE 1

                       1    ; —Ä–µ–∞–ª–∏–∑—É–µ–º —Ñ—É–Ω–∫—Ü–∏—é x_1 | !(x_2 & x_3 & !x_4)
                       2    $mod52
                       3    
0000                   4    ORG 0h
                       5    
0000                   6    MAIN:
0000 E580              7            MOV     A,P0 ; –±–µ—Ä–µ–º –∞—Ä–≥—É–º–µ–Ω—Ç—ã –∏–∑ –º–ª–∞–¥—à–µ–π —Ç–µ—Ç—Ä–∞–¥—ã P0
0002 F8                8            MOV     R0,A ;x1
0003 03                9            RR      A ;—Å–¥–≤–∏–≥ –≤–ø—Ä–∞–≤–æ –Ω–∞ –æ–¥–∏–Ω –±–∏—Ç
0004 F9               10            MOV     R1,A ;x2
0005 03               11            RR      A
0006 FA               12            MOV     R2,A ;x3
0007 03               13            RR      A
0008 FB               14            MOV     R3,A ;x4
                      15    ; —Ä–µ–∞–ª–∏–∑—É–µ–º —Ñ—É–Ω–∫—Ü–∏—é x_1 | !(x_2 & x_3 & !x_4)
0009 EA               16            MOV A,R2 ;x3
000A 59               17            ANL A,R1 ;x_2 & x_3
000B FC               18            MOV R4, A
                      19            
000C EB               20            MOV A,R3 ;x4
000D F4               21            CPL A ;!x4
000E 5C               22            ANL A,R4 ;x_2 & x_3 & !x_4
000F F4               23            CPL A ; !(x_2 & x_3 & !x_4)
0010 48               24            ORL A,R0 ; x_1 | !(x_2 & x_3 & !x_4)
                      25            
0011 13               26            RRC             A ;—Å–¥–≤–∏–≥–∞–µ—Ç –≤–æ—Å–µ–º—å –±–∏—Ç –∞–∫–∫—É–º—É–ª—è—Ç–æ—Ä–∞ –∏ 
                                                                               
                      27            ;—Ñ–ª–∞–≥ –ø–µ—Ä–µ–Ω–æ—Å–∞ –Ω–∞ –æ–¥–∏–Ω –±–∏—Ç –≤–ø—Ä–∞–≤–æ. –°–æ–¥–µ—Ä–∂–∏–º–æ–µ —
                                                                               Ñ–ª–∞–≥–∞ –ø–µ—Ä–µ–Ω–æ—Å–∞ –ø–æ–º–µ—â–∞–µ
                                                                               —Ç—Å—è
                      28        ;–Ω–∞ –º–µ—Å—Ç–æ –±–∏—Ç–∞ 7 –∞–∫–∫—É–º—É–ª—è—Ç–æ—Ä–∞, –∞ —Å–æ–¥–µ—Ä–∂–∏–º–æ–µ –±–∏—Ç–∞ 0
                                                                                –∞–∫–∫—É–º—É–ª—è—Ç–æ—Ä–∞ –ø–µ—Ä–µ–ø–∏—Å—
                                                                               ã–≤–∞–µ—Ç—Å—è 
                      29            ;–≤–æ —Ñ–ª–∞–≥ –ø–µ—Ä–µ–Ω–æ—Å–∞. –ù–∞ –æ—Å—Ç–∞–ª—å–Ω—ã–µ —Ñ–ª–∞–≥–∏ –∫–æ–º–∞–Ω–¥–∞ –
                                                                               Ω–µ –≤–æ–∑–¥–µ–π—Å—Ç–≤—É–µ—Ç.
0012 4003             30            JC              RESULT1 ;(J)ump if (C)arry flag
0014 02001D           31            JMP             RESULT0
                      32    
0017                  33    RESULT1:
0017 7590FF           34            MOV P1, #0FFh
001A 020020           35            JMP FINAL
                      36    
001D                  37    RESULT0:
001D 759000           38            MOV P1, #0b
                      39    
0020                  40    FINAL:
0020 80DE             41            JMP MAIN
                      42    
                      43    END

VERSION 1.2h ASSEMBLY COMPLETE, 0 ERRORS FOUND
LAB2_1                                                                                                        PAGE 2

FINAL. . . . . . . . . . . . . .  C ADDR  0020H  
MAIN . . . . . . . . . . . . . .  C ADDR  0000H  
P0 . . . . . . . . . . . . . . .  D ADDR  0080H  PREDEFINED  
P1 . . . . . . . . . . . . . . .  D ADDR  0090H  PREDEFINED  
RESULT0. . . . . . . . . . . . .  C ADDR  001DH  
RESULT1. . . . . . . . . . . . .  C ADDR  0017H  
