LAB3_2                                                                                                        PAGE 1

                       1    ; –ò–∑—É—á–∏—Ç—å –æ—Å–æ–±–µ–Ω–Ω–æ—Å—Ç—å —Ä–∞–±–æ—Ç—ã T/C0 –≤ —Ä–µ–∂–∏–º–µ 2
                       2    ; –†–∞–∑—Ä–∞–±–æ—Ç–∞—Ç—å –ø—Ä–æ–≥—Ä–∞–º–º—É –ø–æ–¥—Å—á–µ—Ç–∞ —á–∏—Å–ª–∞ –≤–Ω–µ—à–Ω–∏—Ö —Å–∏–
                                                                               ≥–Ω–∞–ª–æ–≤
                       3    ; –ò—Å—Ç–æ—á–Ω–∏–∫ —Å–∏–≥–Ω–∞–ª–∞ - T0
                       4    ; –†–µ–∂–∏–º —Ä–∞–±–æ—Ç—ã T/C0 - 2
                       5    ; TH0 = TL0 = 0F8h
                       6    ; –í—ã–≤–æ–¥ –≤ P1
                       7    
                       8    ; –≤ —Ä–µ–∂–∏–º–µ 2 –ø—Ä–∏ –ø–µ—Ä–µ–ø–æ–ª–Ω–µ–Ω–∏–∏ (–∏–∑ —Å–æ—Å—Ç–æ—è–Ω–∏–µ –≤—Å–µ 1 –≤–æ –
                                                                               ≤—Å–µ 0) 
                       9    ; –≤—ã—Å—Ç–∞–≤–ª—è–µ—Ç—Å—è —Ñ–ª–∞–≥ TF1 –∏ –∞–≤—Ç–æ–º–∞—Ç–∏—á–µ—Å–∫–∏ –ø–µ—Ä–µ–∑–∞–≥—Ä—É–∂–∞
                                                                               –µ—Ç—Å—è TL0 –¥–∞–Ω–Ω—ã–º–∏,
                      10    ; –∫–æ—Ç–æ—Ä—ã–µ –ø—Ä–µ–¥–≤–∞—Ä–∏—Ç–µ–ª—å–Ω–æ –±—ã–ª–∏ –∑–∞–≥—Ä—É–∂–µ–Ω—ã –≤ —Å—Ç–∞—Ä—à–∏–π 
                                                                               —Ä–µ–≥–∏—Å—Ç—Ä TH0
                      11    
                      12    $MOD52
                      13    
0000                  14    ORG 0h
                      15    
                      16    ; –ù–∞—Å—Ç—Ä–æ–π–∫–∞ —Å—á–µ—Ç—á–∏–∫–æ–≤
                      17    
0000                  18    MAIN:
0000 7400             19        MOV A, #0h ; –û–±–Ω—É–ª—è–µ–º –∞–∫–∫—É–º—É–ª—è—Ç–æ—Ä
0002 758906           20        MOV TMOD, #06h ; 0000 0110 - –£—Å—Ç–∞–Ω–∞–≤–ª–∏–≤–∞–µ–º –∫–∞–∫ —Å—á–µ—Ç—á–∏–∫ –∏ –≤—ã–±–
                                                                               ∏—Ä–∞–µ–º –≤—Ç–æ—Ä–æ–π —Ä–µ–∂–∏–º
0005 D28C             21        SETB TR0 ; 0001 0000 - –£—Å—Ç–∞–Ω–∞–≤–ª–∏–≤–∞–µ–º –±–∏—Ç –ø—É—Å–∫–∞ —Å—á–µ—Ç—á–∏–∫–∞
0007 758CF8           22        MOV TH0, #0F8h ; –í —Å—Ç–∞—Ä—à–∏–π —Ä–µ–≥–∏—Å—Ç—Ä –∑–∞–≥—Ä—É–∂–∞–µ–º –¥–∞–Ω–Ω—ã–µ
000A 758AF8           23        MOV TL0, #0F8h ; –í –Ω–∏–∂–Ω–∏–π —Ä–µ–≥–∏—Å—Ç—Ä –∑–∞–≥—Ä—É–∂–∞–µ–º –¥–∞–Ω–Ω—ã–µ
                      24    
                      25    ; –ë–ï–°–ö–û–ù–ï–ß–ù–´–ô –¶–ò–ö–õ
                      26    
000D                  27    LOOP:
                      28        ; –ü–µ—Ä–µ–∫–∏–¥—ã–≤–∞–µ–º –¥–∞–Ω–Ω—ã–µ –∏–∑ –Ω–∏–∂–Ω–µ–≥–æ —Ä–µ–≥–∏—Å—Ç—Ä–∞ —Å—á–µ—Ç—á–
                                                                               ∏–∫–∞ –≤ –ø–æ—Ä—Ç –¥–ª—è –Ω–∞–±–ª—é–¥–µ–Ω
                                                                               –∏—è
000D E58A             29        MOV A, TL0
000F 5407             30            ANL     A,#7h
0011 F590             31        MOV P1, A
0013 80F8             32        SJMP LOOP
                      33    
                      34    END

VERSION 1.2h ASSEMBLY COMPLETE, 0 ERRORS FOUND
LAB3_2                                                                                                        PAGE 2

LOOP . . . . . . . . . . . . . .  C ADDR  000DH  
MAIN . . . . . . . . . . . . . .  C ADDR  0000H  NOT USED  
P1 . . . . . . . . . . . . . . .  D ADDR  0090H  PREDEFINED  
TH0. . . . . . . . . . . . . . .  D ADDR  008CH  PREDEFINED  
TL0. . . . . . . . . . . . . . .  D ADDR  008AH  PREDEFINED  
TMOD . . . . . . . . . . . . . .  D ADDR  0089H  PREDEFINED  
TR0. . . . . . . . . . . . . . .  B ADDR  008CH  PREDEFINED  
