LAB3_1                                                                                                        PAGE 1

                       1    $mod52
                       2    
0000                   3    ORG 0
0000 020021            4        JMP main
                       5    
000B                   6    ORG 000BH
000B 02000E            7        JMP INTERRUPT
                       8    
                       9    ; –ø—Ä–æ–≥—Ä–∞–º–º–∞ –æ–±—Ä–∞–±–æ—Ç–∫–∏ –ø—Ä–µ—Ä—ã–≤–∞–Ω–∏–π
000E                  10    INTERRUPT:
                      11        ; –æ—Å—Ç–∞–Ω–∞–≤–ª–∏–≤–∞–µ–º —Å—á–µ—Ç—á–∏–∫
000E C28C             12        CLR TR0 
                      13            
0010 758CE0           14            MOV TH0, #0E0h
0013 758A00           15        MOV TL0, #0h
                      16        ; —Å–¥–≤–∏–≥ –≤–ø—Ä–∞–≤–æ
0016 E518             17        MOV A, 18h 
0018 23               18        RL A 
0019 F518             19        MOV 18h, A 
001B F590             20        MOV P1, A
                      21    
                      22        ; –æ—á–∏—â–∞–µ–º A, —á—Ç–æ–± –ø–æ—Å–ª–µ –≤–æ–∑–≤—Ä–∞—Ç–∞ –∏–∑ –ø—Ä–µ—Ä—ã–≤–∞–Ω–∏—è –Ω–µ 
                                                                               –±—ã–ª–æ –æ—à–∏–±–æ–∫
001D E4               23        CLR A 
                      24    
                      25        ; –ø—Ä–æ–¥–æ–ª–∂–∞–µ–º —Å—á–µ—Ç—á–∏–∫
001E D28C             26        SETB TR0
0020 32               27        RETI
                      28    
                      29    ; –Ω–∞—á–∞–ª–æ
0021                  30    MAIN:
                      31        ; –∑–∞–ø–∏—Å—ã–≤–∞–µ–º –≤ –ø–æ—Ä—Ç –∑–Ω–∞—á–µ–Ω–∏—è –µ–¥–∏–Ω–∏—Ü—ã –≤ –∫—Ä–∞–π–Ω–µ–º –ª–
                                                                               µ–≤–æ–º –ø–æ–ª–æ–∂–µ–Ω–∏–∏
0021 759001           32        MOV P1, #1h
0024 751801           33        MOV 18h, #1h
                      34    
                      35        ; –Ω–∞—Å—Ç—Ä–∞–∏–≤–∞–µ–º –¥–µ–ª–∏—Ç–µ–ª—å —á–∞—Å—Ç–æ—Ç—ã (–≤ —Ä–µ–∂–∏–º–µ 1 —ç—Ç–∏ —Ç–∞–
                                                                               π–º–µ—Ä—ã —Ä–∞–±–æ—Ç–∞—é—Ç –∫–∞–∫ –¥–µ–ª–
                                                                               ∏—Ç–µ–ª–∏ —á–∞—Å—Ç–æ—Ç—ã)
0027 758CE0           36            MOV TH0, #0E0h
002A 758A00           37        MOV TL0, #0h
                      38    
002D 75A882           39        MOV IE, #10000010b ; —Ä–∞–∑—Ä–µ—à–µ–Ω–∏–µ –ø—Ä–µ—Ä—ã–≤–∞–Ω–∏—è –æ—Ç —Ç–∞–π–º–µ—Ä–∞ 0
                      40    
0030 758909           41        MOV TMOD, #9h ; 0000 1001 - GATE, —Ä–∞–±–æ—Ç–∞ –∫–∞–∫ —Ç–∞–π–º–µ—Ä, –ø–µ—Ä–≤—ã–π —Ä–µ–∂–
                                                                               ∏–º
0033 758813           42        MOV TCON, #13h ;  —É—Å—Ç–∞–Ω–æ–≤–∫–∞ TR0 –¥–ª—è —Ä–∞–∑—Ä–µ—à–µ–Ω–∏—è —Å—á–µ—Ç–∞ + –ø—Ä–µ
                                                                               —Ä—ã–≤–∞–Ω–∏—è
                      43    
                      44    ; GATE - —Å—á–µ—Ç—á–∏–∫ —Ä–∞–∑—Ä–µ—à–µ–Ω, –µ—Å–ª–∏ –Ω–∞ –≤—Ö–æ–¥–µ INT –≤—ã—Å–æ–∫–∏–π —É—Ä–æ
                                                                               –≤–µ–Ω—å
                      45    
                      46    ; –≤–µ—á–Ω—ã–π —Ü–∏–∫–ª
0036                  47    LOOP:
0036 80FE             48        JMP LOOP
                      49    
                      50    END
                      51    

VERSION 1.2h ASSEMBLY COMPLETE, 0 ERRORS FOUND
LAB3_1                                                                                                        PAGE 2

IE . . . . . . . . . . . . . . .  D ADDR  00A8H  PREDEFINED  
INTERRUPT. . . . . . . . . . . .  C ADDR  000EH  
LOOP . . . . . . . . . . . . . .  C ADDR  0036H  
MAIN . . . . . . . . . . . . . .  C ADDR  0021H  
P1 . . . . . . . . . . . . . . .  D ADDR  0090H  PREDEFINED  
TCON . . . . . . . . . . . . . .  D ADDR  0088H  PREDEFINED  
TH0. . . . . . . . . . . . . . .  D ADDR  008CH  PREDEFINED  
TL0. . . . . . . . . . . . . . .  D ADDR  008AH  PREDEFINED  
TMOD . . . . . . . . . . . . . .  D ADDR  0089H  PREDEFINED  
TR0. . . . . . . . . . . . . . .  B ADDR  008CH  PREDEFINED  
